0 info it worked if it ends with ok
1 verbose cli [ 'C:\\Program Files\\nodejs\\node.exe',
1 verbose cli   'C:\\Program Files\\nodejs\\node_modules\\npm\\bin\\npm-cli.js',
1 verbose cli   'install' ]
2 info using npm@3.10.10
3 info using node@v6.10.3
4 silly loadCurrentTree Starting
5 silly install loadCurrentTree
6 silly install readLocalPackageData
7 silly install normalizeTree
8 silly loadCurrentTree Finishing
9 silly loadIdealTree Starting
10 silly install loadIdealTree
11 silly cloneCurrentTree Starting
12 silly install cloneCurrentTreeToIdealTree
13 silly cloneCurrentTree Finishing
14 silly loadShrinkwrap Starting
15 silly install loadShrinkwrap
16 silly loadShrinkwrap Finishing
17 silly loadAllDepsIntoIdealTree Starting
18 silly install loadAllDepsIntoIdealTree
19 silly fetchNamedPackageData font-awesome
20 silly mapToRegistry name font-awesome
21 silly mapToRegistry using default registry
22 silly mapToRegistry registry https://registry.npmjs.org/
23 silly mapToRegistry data Result {
23 silly mapToRegistry   raw: 'font-awesome',
23 silly mapToRegistry   scope: null,
23 silly mapToRegistry   escapedName: 'font-awesome',
23 silly mapToRegistry   name: 'font-awesome',
23 silly mapToRegistry   rawSpec: '',
23 silly mapToRegistry   spec: 'latest',
23 silly mapToRegistry   type: 'tag' }
24 silly mapToRegistry uri https://registry.npmjs.org/font-awesome
25 verbose request uri https://registry.npmjs.org/font-awesome
26 verbose request no auth needed
27 info attempt registry request try #1 at 7:00:15 PM
28 verbose request id 3d72318f4f2a7371
29 http request GET https://registry.npmjs.org/font-awesome
30 http 200 https://registry.npmjs.org/font-awesome
31 verbose headers { server: 'nginx/1.10.1',
31 verbose headers   'content-type': 'application/json',
31 verbose headers   'last-modified': 'Mon, 01 May 2017 16:16:35 GMT',
31 verbose headers   etag: 'W/"59075f63-55f0"',
31 verbose headers   'content-encoding': 'gzip',
31 verbose headers   'cache-control': 'max-age=300',
31 verbose headers   'content-length': '4545',
31 verbose headers   'accept-ranges': 'bytes',
31 verbose headers   date: 'Fri, 12 May 2017 13:30:16 GMT',
31 verbose headers   via: '1.1 varnish',
31 verbose headers   age: '259',
31 verbose headers   connection: 'keep-alive',
31 verbose headers   'x-served-by': 'cache-ams4450-AMS',
31 verbose headers   'x-cache': 'HIT',
31 verbose headers   'x-cache-hits': '1',
31 verbose headers   'x-timer': 'S1494595817.734466,VS0,VE0',
31 verbose headers   vary: 'Accept-Encoding' }
32 silly get cb [ 200,
32 silly get   { server: 'nginx/1.10.1',
32 silly get     'content-type': 'application/json',
32 silly get     'last-modified': 'Mon, 01 May 2017 16:16:35 GMT',
32 silly get     etag: 'W/"59075f63-55f0"',
32 silly get     'content-encoding': 'gzip',
32 silly get     'cache-control': 'max-age=300',
32 silly get     'content-length': '4545',
32 silly get     'accept-ranges': 'bytes',
32 silly get     date: 'Fri, 12 May 2017 13:30:16 GMT',
32 silly get     via: '1.1 varnish',
32 silly get     age: '259',
32 silly get     connection: 'keep-alive',
32 silly get     'x-served-by': 'cache-ams4450-AMS',
32 silly get     'x-cache': 'HIT',
32 silly get     'x-cache-hits': '1',
32 silly get     'x-timer': 'S1494595817.734466,VS0,VE0',
32 silly get     vary: 'Accept-Encoding' } ]
33 verbose get saving font-awesome to C:\Users\madur\AppData\Roaming\npm-cache\registry.npmjs.org\font-awesome\.cache.json
34 verbose correctMkdir C:\Users\madur\AppData\Roaming\npm-cache correctMkdir not in flight; initializing
35 silly resolveWithNewModule font-awesome@4.7.0 checking installable status
36 silly cache add args [ 'font-awesome@>=4.4.0', null ]
37 verbose cache add spec font-awesome@>=4.4.0
38 silly cache add parsed spec Result {
38 silly cache add   raw: 'font-awesome@>=4.4.0',
38 silly cache add   scope: null,
38 silly cache add   escapedName: 'font-awesome',
38 silly cache add   name: 'font-awesome',
38 silly cache add   rawSpec: '>=4.4.0',
38 silly cache add   spec: '>=4.4.0',
38 silly cache add   type: 'range' }
39 silly addNamed font-awesome@>=4.4.0
40 verbose addNamed ">=4.4.0" is a valid semver range for font-awesome
41 silly addNameRange { name: 'font-awesome', range: '>=4.4.0', hasData: false }
42 silly mapToRegistry name font-awesome
43 silly mapToRegistry using default registry
44 silly mapToRegistry registry https://registry.npmjs.org/
45 silly mapToRegistry data Result {
45 silly mapToRegistry   raw: 'font-awesome',
45 silly mapToRegistry   scope: null,
45 silly mapToRegistry   escapedName: 'font-awesome',
45 silly mapToRegistry   name: 'font-awesome',
45 silly mapToRegistry   rawSpec: '',
45 silly mapToRegistry   spec: 'latest',
45 silly mapToRegistry   type: 'tag' }
46 silly mapToRegistry uri https://registry.npmjs.org/font-awesome
47 verbose addNameRange registry:https://registry.npmjs.org/font-awesome not in flight; fetching
48 verbose get https://registry.npmjs.org/font-awesome not expired, no request
49 silly addNameRange number 2 { name: 'font-awesome', range: '>=4.4.0', hasData: true }
50 silly addNameRange versions [ 'font-awesome',
50 silly addNameRange   [ '3.2.1',
50 silly addNameRange     '4.0.3',
50 silly addNameRange     '4.1.0',
50 silly addNameRange     '4.2.0',
50 silly addNameRange     '4.3.0',
50 silly addNameRange     '4.4.0',
50 silly addNameRange     '4.5.0',
50 silly addNameRange     '4.6.1',
50 silly addNameRange     '4.6.3',
50 silly addNameRange     '4.7.0' ] ]
51 silly addNamed font-awesome@4.7.0
52 verbose addNamed "4.7.0" is a plain semver version for font-awesome
53 silly mapToRegistry name font-awesome
54 silly mapToRegistry using default registry
55 silly mapToRegistry registry https://registry.npmjs.org/
56 silly mapToRegistry data Result {
56 silly mapToRegistry   raw: 'font-awesome',
56 silly mapToRegistry   scope: null,
56 silly mapToRegistry   escapedName: 'font-awesome',
56 silly mapToRegistry   name: 'font-awesome',
56 silly mapToRegistry   rawSpec: '',
56 silly mapToRegistry   spec: 'latest',
56 silly mapToRegistry   type: 'tag' }
57 silly mapToRegistry uri https://registry.npmjs.org/font-awesome
58 verbose addRemoteTarball https://registry.npmjs.org/font-awesome/-/font-awesome-4.7.0.tgz not in flight; adding
59 verbose addRemoteTarball [ 'https://registry.npmjs.org/font-awesome/-/font-awesome-4.7.0.tgz',
59 verbose addRemoteTarball   '8fa8cf0411a1a31afd07b06d2902bb9fc815a133' ]
60 verbose stack Error: kill ENOSYS
60 verbose stack     at exports._errnoException (util.js:1018:11)
60 verbose stack     at process.kill (internal/process.js:190:13)
60 verbose stack     at process.listener (C:\Program Files\nodejs\node_modules\npm\node_modules\npmlog\node_modules\gauge\node_modules\signal-exit\index.js:86:15)
60 verbose stack     at emitNone (events.js:91:20)
60 verbose stack     at process.emit (events.js:185:7)
60 verbose stack     at processEmit (C:\Program Files\nodejs\node_modules\npm\node_modules\npmlog\node_modules\gauge\node_modules\signal-exit\index.js:146:32)
60 verbose stack     at processEmit (C:\Program Files\nodejs\node_modules\npm\node_modules\npm-registry-client\node_modules\npmlog\node_modules\gauge\node_modules\signal-exit\index.js:146:32)
60 verbose stack     at Signal.wrap.onsignal (internal/process.js:217:44)
61 verbose cwd E:\3rd Year Project\webapp\TravelwithMe\AngularFront
62 error Windows_NT 10.0.14393
63 error argv "C:\\Program Files\\nodejs\\node.exe" "C:\\Program Files\\nodejs\\node_modules\\npm\\bin\\npm-cli.js" "install"
64 error node v6.10.3
65 error npm  v3.10.10
66 error code ENOSYS
67 error errno ENOSYS
68 error syscall kill
69 error kill ENOSYS
70 error If you need help, you may report this error at:
70 error     <https://github.com/npm/npm/issues>
71 verbose exit [ 1, true ]
